<?xml version="1.0" encoding="UTF-8"?>
<testng-results ignored="0" total="1" passed="1" failed="0" skipped="0">
  <reporter-output>
  </reporter-output>
  <suite started-at="2021-12-13T15:54:05 IST" name="Default suite" finished-at="2021-12-13T15:57:59 IST" duration-ms="234289">
    <groups>
    </groups>
    <test started-at="2021-12-13T15:54:05 IST" name="Default test" finished-at="2021-12-13T15:57:59 IST" duration-ms="234289">
      <class name="com.Vtiger.TC_003_CreateContactTest">
        <test-method signature="createcontact()[pri:0, instance:com.Vtiger.TC_003_CreateContactTest@55b7a4e0]" started-at="2021-12-13T15:54:05 IST" name="createcontact" finished-at="2021-12-13T15:57:59 IST" duration-ms="234198" status="PASS">
          <reporter-output>
          </reporter-output>
        </test-method> <!-- createcontact -->
      </class> <!-- com.Vtiger.TC_003_CreateContactTest -->
    </test> <!-- Default test -->
  </suite> <!-- Default suite -->
</testng-results>
