<?xml version="1.0" encoding="UTF-8"?>
<testng-results ignored="0" total="1" passed="1" failed="0" skipped="0">
  <reporter-output>
  </reporter-output>
  <suite started-at="2021-09-04T12:47:08 IST" name="Suite" finished-at="2021-09-04T12:47:43 IST" duration-ms="35154">
    <groups>
    </groups>
    <test started-at="2021-09-04T12:47:08 IST" name="Test" finished-at="2021-09-04T12:47:43 IST" duration-ms="35154">
      <class name="contactsPage.CreateContactsTest">
        <test-method signature="createcontact()[pri:0, instance:contactsPage.CreateContactsTest@661972b0]" started-at="2021-09-04T12:47:08 IST" name="createcontact" finished-at="2021-09-04T12:47:43 IST" duration-ms="35079" status="PASS">
          <reporter-output>
          </reporter-output>
        </test-method> <!-- createcontact -->
      </class> <!-- contactsPage.CreateContactsTest -->
    </test> <!-- Test -->
  </suite> <!-- Suite -->
</testng-results>
