<?xml version="1.0" encoding="UTF-8"?>
<testng-results ignored="0" total="1" passed="1" failed="0" skipped="0">
  <reporter-output>
  </reporter-output>
  <suite started-at="2021-09-13T10:33:52 IST" name="Default suite" finished-at="2021-09-13T10:35:03 IST" duration-ms="70288">
    <groups>
    </groups>
    <test started-at="2021-09-13T10:33:52 IST" name="Default test" finished-at="2021-09-13T10:35:03 IST" duration-ms="70288">
      <class name="contactsPage.CreateContactsTest">
        <test-method signature="createcontact()[pri:0, instance:contactsPage.CreateContactsTest@661972b0]" started-at="2021-09-13T10:33:52 IST" name="createcontact" finished-at="2021-09-13T10:35:03 IST" duration-ms="70207" status="PASS">
          <reporter-output>
          </reporter-output>
        </test-method> <!-- createcontact -->
      </class> <!-- contactsPage.CreateContactsTest -->
    </test> <!-- Default test -->
  </suite> <!-- Default suite -->
</testng-results>
