<?xml version="1.0" encoding="UTF-8"?>
<!-- Generated by org.testng.reporters.JUnitXMLReporter -->
<testsuite ignored="0" hostname="DESKTOP-TJS8AHG" failures="0" tests="3" name="Default test" time="0.087" errors="0" timestamp="2021-11-10T13:21:17 IST">
  <testcase classname="com.Vtiger.Testpriority" name="createOrg" time="0.009"/>
  <testcase classname="com.Vtiger.Testpriority" name="deleteOrg" time="0.003"/>
  <testcase classname="com.Vtiger.Testpriority" name="modifyOrg" time="0.003"/>
</testsuite> <!-- Default test -->
