<?xml version="1.0" encoding="UTF-8"?>
<testng-results ignored="0" total="1" passed="1" failed="0" skipped="0">
  <reporter-output>
  </reporter-output>
  <suite started-at="2021-09-04T13:24:17 IST" name="Suite" finished-at="2021-09-04T13:24:55 IST" duration-ms="37424">
    <groups>
    </groups>
    <test started-at="2021-09-04T13:24:17 IST" name="Test" finished-at="2021-09-04T13:24:55 IST" duration-ms="37424">
      <class name="contactsPage.CreateContactsTest">
        <test-method signature="createcontact()[pri:0, instance:contactsPage.CreateContactsTest@a4102b8]" started-at="2021-09-04T13:24:18 IST" name="createcontact" finished-at="2021-09-04T13:24:55 IST" duration-ms="37319" status="PASS">
          <reporter-output>
          </reporter-output>
        </test-method> <!-- createcontact -->
      </class> <!-- contactsPage.CreateContactsTest -->
    </test> <!-- Test -->
  </suite> <!-- Suite -->
</testng-results>
